# JRE version: Java(TM) SE Runtime Environment (8.0_221-b11) (build 1.8.0_221-b11)
# Java VM: Java HotSpot(TM) 64-Bit Server VM (25.221-b11 mixed mode windows-amd64 compressed oops)
Heap:
 PSYoungGen      total 110080K, used 40426K [0x000000076bf00000, 0x0000000773600000, 0x00000007c0000000)
  eden space 101376K, 31% used [0x000000076bf00000,0x000000076ddfc9e8,0x0000000772200000)
  from space 8704K, 99% used [0x0000000772400000,0x0000000772c7e090,0x0000000772c80000)
  to   space 9728K, 0% used [0x0000000772c80000,0x0000000772c80000,0x0000000773600000)
 ParOldGen       total 133120K, used 12170K [0x00000006c3c00000, 0x00000006cbe00000, 0x000000076bf00000)
  object space 133120K, 9% used [0x00000006c3c00000,0x00000006c47e2898,0x00000006cbe00000)
 Metaspace       used 45403K, capacity 45880K, committed 46080K, reserved 1089536K
  class space    used 6228K, capacity 6375K, committed 6400K, reserved 1048576K
GC Heap History (10 events):
Event: 4.432 GC heap before
{Heap before GC invocations=7 (full 1):
 PSYoungGen      total 75776K, used 71397K [0x000000076bf00000, 0x0000000773800000, 0x00000007c0000000)
  eden space 65024K, 100% used [0x000000076bf00000,0x000000076fe80000,0x000000076fe80000)
  from space 10752K, 59% used [0x000000076fe80000,0x00000007704b9780,0x0000000770900000)
  to   space 8704K, 0% used [0x0000000772f80000,0x0000000772f80000,0x0000000773800000)
 ParOldGen       total 103424K, used 7687K [0x00000006c3c00000, 0x00000006ca100000, 0x000000076bf00000)
  object space 103424K, 7% used [0x00000006c3c00000,0x00000006c4381d20,0x00000006ca100000)
 Metaspace       used 32641K, capacity 32918K, committed 33152K, reserved 1077248K
  class space    used 4397K, capacity 4463K, committed 4480K, reserved 1048576K
Event: 4.436 GC heap after
Heap after GC invocations=7 (full 1):
 PSYoungGen      total 114688K, used 4621K [0x000000076bf00000, 0x0000000773980000, 0x00000007c0000000)
  eden space 105984K, 0% used [0x000000076bf00000,0x000000076bf00000,0x0000000772680000)
  from space 8704K, 53% used [0x0000000772f80000,0x00000007734035b0,0x0000000773800000)
  to   space 9216K, 0% used [0x0000000772680000,0x0000000772680000,0x0000000772f80000)
 ParOldGen       total 103424K, used 7695K [0x00000006c3c00000, 0x00000006ca100000, 0x000000076bf00000)
  object space 103424K, 7% used [0x00000006c3c00000,0x00000006c4383d20,0x00000006ca100000)
 Metaspace       used 32641K, capacity 32918K, committed 33152K, reserved 1077248K
  class space    used 4397K, capacity 4463K, committed 4480K, reserved 1048576K
}
Event: 48.383 GC heap before
{Heap before GC invocations=8 (full 1):
 PSYoungGen      total 114688K, used 110605K [0x000000076bf00000, 0x0000000773980000, 0x00000007c0000000)
  eden space 105984K, 100% used [0x000000076bf00000,0x0000000772680000,0x0000000772680000)
  from space 8704K, 53% used [0x0000000772f80000,0x00000007734035b0,0x0000000773800000)
  to   space 9216K, 0% used [0x0000000772680000,0x0000000772680000,0x0000000772f80000)
 ParOldGen       total 103424K, used 7695K [0x00000006c3c00000, 0x00000006ca100000, 0x000000076bf00000)
  object space 103424K, 7% used [0x00000006c3c00000,0x00000006c4383d20,0x00000006ca100000)
 Metaspace       used 33339K, capacity 33622K, committed 33792K, reserved 1079296K
  class space    used 4502K, capacity 4591K, committed 4608K, reserved 1048576K
Event: 48.387 GC heap after
Heap after GC invocations=8 (full 1):
 PSYoungGen      total 108032K, used 4344K [0x000000076bf00000, 0x0000000773700000, 0x00000007c0000000)
  eden space 103424K, 0% used [0x000000076bf00000,0x000000076bf00000,0x0000000772400000)
  from space 4608K, 94% used [0x0000000772680000,0x0000000772abe2f8,0x0000000772b00000)
  to   space 9728K, 0% used [0x0000000772d80000,0x0000000772d80000,0x0000000773700000)
 ParOldGen       total 103424K, used 7703K [0x00000006c3c00000, 0x00000006ca100000, 0x000000076bf00000)
  object space 103424K, 7% used [0x00000006c3c00000,0x00000006c4385d20,0x00000006ca100000)
 Metaspace       used 33339K, capacity 33622K, committed 33792K, reserved 1079296K
  class space    used 4502K, capacity 4591K, committed 4608K, reserved 1048576K
}
Event: 48.651 GC heap before
{Heap before GC invocations=9 (full 1):
 PSYoungGen      total 108032K, used 30091K [0x000000076bf00000, 0x0000000773700000, 0x00000007c0000000)
  eden space 103424K, 24% used [0x000000076bf00000,0x000000076d824bf8,0x0000000772400000)
  from space 4608K, 94% used [0x0000000772680000,0x0000000772abe2f8,0x0000000772b00000)
  to   space 9728K, 0% used [0x0000000772d80000,0x0000000772d80000,0x0000000773700000)
 ParOldGen       total 103424K, used 7703K [0x00000006c3c00000, 0x00000006ca100000, 0x000000076bf00000)
  object space 103424K, 7% used [0x00000006c3c00000,0x00000006c4385d20,0x00000006ca100000)
 Metaspace       used 35051K, capacity 35254K, committed 35496K, reserved 1079296K
  class space    used 4730K, capacity 4815K, committed 4864K, reserved 1048576K
Event: 48.654 GC heap after
Heap after GC invocations=9 (full 1):
 PSYoungGen      total 113152K, used 5058K [0x000000076bf00000, 0x0000000777580000, 0x00000007c0000000)
  eden space 103424K, 0% used [0x000000076bf00000,0x000000076bf00000,0x0000000772400000)
  from space 9728K, 51% used [0x0000000772d80000,0x0000000773270a10,0x0000000773700000)
  to   space 9728K, 0% used [0x0000000772400000,0x0000000772400000,0x0000000772d80000)
 ParOldGen       total 103424K, used 10183K [0x00000006c3c00000, 0x00000006ca100000, 0x000000076bf00000)
  object space 103424K, 9% used [0x00000006c3c00000,0x00000006c45f1f08,0x00000006ca100000)
 Metaspace       used 35051K, capacity 35254K, committed 35496K, reserved 1079296K
  class space    used 4730K, capacity 4815K, committed 4864K, reserved 1048576K
}
Event: 48.654 GC heap before
{Heap before GC invocations=10 (full 2):
 PSYoungGen      total 113152K, used 5058K [0x000000076bf00000, 0x0000000777580000, 0x00000007c0000000)
  eden space 103424K, 0% used [0x000000076bf00000,0x000000076bf00000,0x0000000772400000)
  from space 9728K, 51% used [0x0000000772d80000,0x0000000773270a10,0x0000000773700000)
  to   space 9728K, 0% used [0x0000000772400000,0x0000000772400000,0x0000000772d80000)
 ParOldGen       total 103424K, used 10183K [0x00000006c3c00000, 0x00000006ca100000, 0x000000076bf00000)
  object space 103424K, 9% used [0x00000006c3c00000,0x00000006c45f1f08,0x00000006ca100000)
 Metaspace       used 35051K, capacity 35254K, committed 35496K, reserved 1079296K
  class space    used 4730K, capacity 4815K, committed 4864K, reserved 1048576K
Event: 48.673 GC heap after
Heap after GC invocations=10 (full 2):
 PSYoungGen      total 113152K, used 0K [0x000000076bf00000, 0x0000000777580000, 0x00000007c0000000)
  eden space 103424K, 0% used [0x000000076bf00000,0x000000076bf00000,0x0000000772400000)
  from space 9728K, 0% used [0x0000000772d80000,0x0000000772d80000,0x0000000773700000)
  to   space 9728K, 0% used [0x0000000772400000,0x0000000772400000,0x0000000772d80000)
 ParOldGen       total 133120K, used 12154K [0x00000006c3c00000, 0x00000006cbe00000, 0x000000076bf00000)
  object space 133120K, 9% used [0x00000006c3c00000,0x00000006c47de898,0x00000006cbe00000)
 Metaspace       used 35051K, capacity 35254K, committed 35496K, reserved 1079296K
  class space    used 4730K, capacity 4815K, committed 4864K, reserved 1048576K
}
Event: 65.311 GC heap before
{Heap before GC invocations=11 (full 2):
 PSYoungGen      total 113152K, used 103424K [0x000000076bf00000, 0x0000000777580000, 0x00000007c0000000)
  eden space 103424K, 100% used [0x000000076bf00000,0x0000000772400000,0x0000000772400000)
  from space 9728K, 0% used [0x0000000772d80000,0x0000000772d80000,0x0000000773700000)
  to   space 9728K, 0% used [0x0000000772400000,0x0000000772400000,0x0000000772d80000)
 ParOldGen       total 133120K, used 12154K [0x00000006c3c00000, 0x00000006cbe00000, 0x000000076bf00000)
  object space 133120K, 9% used [0x00000006c3c00000,0x00000006c47de898,0x00000006cbe00000)
 Metaspace       used 42854K, capacity 43246K, committed 43392K, reserved 1087488K
  class space    used 5881K, capacity 6000K, committed 6016K, reserved 1048576K
Event: 65.316 GC heap after
Heap after GC invocations=11 (full 2):
 PSYoungGen      total 110080K, used 8696K [0x000000076bf00000, 0x0000000773600000, 0x00000007c0000000)
  eden space 101376K, 0% used [0x000000076bf00000,0x000000076bf00000,0x0000000772200000)
  from space 8704K, 99% used [0x0000000772400000,0x0000000772c7e090,0x0000000772c80000)
  to   space 9728K, 0% used [0x0000000772c80000,0x0000000772c80000,0x0000000773600000)
 ParOldGen       total 133120K, used 12170K [0x00000006c3c00000, 0x00000006cbe00000, 0x000000076bf00000)
  object space 133120K, 9% used [0x00000006c3c00000,0x00000006c47e2898,0x00000006cbe00000)
 Metaspace       used 42854K, capacity 43246K, committed 43392K, reserved 1087488K
  class space    used 5881K, capacity 6000K, committed 6016K, reserved 1048576K
}

