# JRE version: Java(TM) SE Runtime Environment (8.0_221-b11) (build 1.8.0_221-b11)
# Java VM: Java HotSpot(TM) 64-Bit Server VM (25.221-b11 mixed mode windows-amd64 compressed oops)
Heap:
 PSYoungGen      total 176128K, used 132467K [0x000000076bf00000, 0x0000000778480000, 0x00000007c0000000)
  eden space 166912K, 79% used [0x000000076bf00000,0x000000077405cd10,0x0000000776200000)
  from space 9216K, 0% used [0x0000000776b00000,0x0000000776b00000,0x0000000777400000)
  to   space 9216K, 0% used [0x0000000776200000,0x0000000776200000,0x0000000776b00000)
 ParOldGen       total 132608K, used 12147K [0x00000006c3c00000, 0x00000006cbd80000, 0x000000076bf00000)
  object space 132608K, 9% used [0x00000006c3c00000,0x00000006c47dceb8,0x00000006cbd80000)
 Metaspace       used 44816K, capacity 45348K, committed 45568K, reserved 1089536K
  class space    used 6134K, capacity 6281K, committed 6400K, reserved 1048576K
GC Heap History (10 events):
Event: 2.748 GC heap before
{Heap before GC invocations=6 (full 1):
 PSYoungGen      total 75776K, used 72704K [0x000000076bf00000, 0x0000000773580000, 0x00000007c0000000)
  eden space 65024K, 100% used [0x000000076bf00000,0x000000076fe80000,0x000000076fe80000)
  from space 10752K, 71% used [0x0000000770900000,0x00000007710803e8,0x0000000771380000)
  to   space 10752K, 0% used [0x000000076fe80000,0x000000076fe80000,0x0000000770900000)
 ParOldGen       total 104960K, used 7689K [0x00000006c3c00000, 0x00000006ca280000, 0x000000076bf00000)
  object space 104960K, 7% used [0x00000006c3c00000,0x00000006c43826f8,0x00000006ca280000)
 Metaspace       used 30928K, capacity 31184K, committed 31488K, reserved 1077248K
  class space    used 4250K, capacity 4334K, committed 4352K, reserved 1048576K
Event: 2.752 GC heap after
Heap after GC invocations=6 (full 1):
 PSYoungGen      total 75776K, used 6337K [0x000000076bf00000, 0x0000000773680000, 0x00000007c0000000)
  eden space 65024K, 0% used [0x000000076bf00000,0x000000076bf00000,0x000000076fe80000)
  from space 10752K, 58% used [0x000000076fe80000,0x00000007704b0690,0x0000000770900000)
  to   space 8704K, 0% used [0x0000000772e00000,0x0000000772e00000,0x0000000773680000)
 ParOldGen       total 104960K, used 7697K [0x00000006c3c00000, 0x00000006ca280000, 0x000000076bf00000)
  object space 104960K, 7% used [0x00000006c3c00000,0x00000006c43846f8,0x00000006ca280000)
 Metaspace       used 30928K, capacity 31184K, committed 31488K, reserved 1077248K
  class space    used 4250K, capacity 4334K, committed 4352K, reserved 1048576K
}
Event: 2.944 GC heap before
{Heap before GC invocations=7 (full 1):
 PSYoungGen      total 75776K, used 71361K [0x000000076bf00000, 0x0000000773680000, 0x00000007c0000000)
  eden space 65024K, 100% used [0x000000076bf00000,0x000000076fe80000,0x000000076fe80000)
  from space 10752K, 58% used [0x000000076fe80000,0x00000007704b0690,0x0000000770900000)
  to   space 8704K, 0% used [0x0000000772e00000,0x0000000772e00000,0x0000000773680000)
 ParOldGen       total 104960K, used 7697K [0x00000006c3c00000, 0x00000006ca280000, 0x000000076bf00000)
  object space 104960K, 7% used [0x00000006c3c00000,0x00000006c43846f8,0x00000006ca280000)
 Metaspace       used 32642K, capacity 32918K, committed 33152K, reserved 1077248K
  class space    used 4395K, capacity 4463K, committed 4480K, reserved 1048576K
Event: 2.948 GC heap after
Heap after GC invocations=7 (full 1):
 PSYoungGen      total 113152K, used 4209K [0x000000076bf00000, 0x0000000773a80000, 0x00000007c0000000)
  eden space 104448K, 0% used [0x000000076bf00000,0x000000076bf00000,0x0000000772500000)
  from space 8704K, 48% used [0x0000000772e00000,0x000000077321c6d0,0x0000000773680000)
  to   space 9216K, 0% used [0x0000000772500000,0x0000000772500000,0x0000000772e00000)
 ParOldGen       total 104960K, used 7705K [0x00000006c3c00000, 0x00000006ca280000, 0x000000076bf00000)
  object space 104960K, 7% used [0x00000006c3c00000,0x00000006c43866f8,0x00000006ca280000)
 Metaspace       used 32642K, capacity 32918K, committed 33152K, reserved 1077248K
  class space    used 4395K, capacity 4463K, committed 4480K, reserved 1048576K
}
Event: 5.406 GC heap before
{Heap before GC invocations=8 (full 1):
 PSYoungGen      total 113152K, used 108657K [0x000000076bf00000, 0x0000000773a80000, 0x00000007c0000000)
  eden space 104448K, 100% used [0x000000076bf00000,0x0000000772500000,0x0000000772500000)
  from space 8704K, 48% used [0x0000000772e00000,0x000000077321c6d0,0x0000000773680000)
  to   space 9216K, 0% used [0x0000000772500000,0x0000000772500000,0x0000000772e00000)
 ParOldGen       total 104960K, used 7705K [0x00000006c3c00000, 0x00000006ca280000, 0x000000076bf00000)
  object space 104960K, 7% used [0x00000006c3c00000,0x00000006c43866f8,0x00000006ca280000)
 Metaspace       used 33698K, capacity 33974K, committed 34432K, reserved 1079296K
  class space    used 4555K, capacity 4623K, committed 4736K, reserved 1048576K
Event: 5.410 GC heap after
Heap after GC invocations=8 (full 1):
 PSYoungGen      total 113664K, used 7075K [0x000000076bf00000, 0x0000000777400000, 0x00000007c0000000)
  eden space 104448K, 0% used [0x000000076bf00000,0x000000076bf00000,0x0000000772500000)
  from space 9216K, 76% used [0x0000000772500000,0x0000000772be8ea8,0x0000000772e00000)
  to   space 9216K, 0% used [0x0000000776b00000,0x0000000776b00000,0x0000000777400000)
 ParOldGen       total 104960K, used 7713K [0x00000006c3c00000, 0x00000006ca280000, 0x000000076bf00000)
  object space 104960K, 7% used [0x00000006c3c00000,0x00000006c43886f8,0x00000006ca280000)
 Metaspace       used 33698K, capacity 33974K, committed 34432K, reserved 1079296K
  class space    used 4555K, capacity 4623K, committed 4736K, reserved 1048576K
}
Event: 5.478 GC heap before
{Heap before GC invocations=9 (full 1):
 PSYoungGen      total 113664K, used 27419K [0x000000076bf00000, 0x0000000777400000, 0x00000007c0000000)
  eden space 104448K, 19% used [0x000000076bf00000,0x000000076d2ddf70,0x0000000772500000)
  from space 9216K, 76% used [0x0000000772500000,0x0000000772be8ea8,0x0000000772e00000)
  to   space 9216K, 0% used [0x0000000776b00000,0x0000000776b00000,0x0000000777400000)
 ParOldGen       total 104960K, used 7713K [0x00000006c3c00000, 0x00000006ca280000, 0x000000076bf00000)
  object space 104960K, 7% used [0x00000006c3c00000,0x00000006c43886f8,0x00000006ca280000)
 Metaspace       used 35035K, capacity 35222K, committed 35496K, reserved 1079296K
  class space    used 4717K, capacity 4783K, committed 4864K, reserved 1048576K
Event: 5.482 GC heap after
Heap after GC invocations=9 (full 1):
 PSYoungGen      total 176128K, used 4987K [0x000000076bf00000, 0x0000000778480000, 0x00000007c0000000)
  eden space 166912K, 0% used [0x000000076bf00000,0x000000076bf00000,0x0000000776200000)
  from space 9216K, 54% used [0x0000000776b00000,0x0000000776fdef48,0x0000000777400000)
  to   space 9216K, 0% used [0x0000000776200000,0x0000000776200000,0x0000000776b00000)
 ParOldGen       total 104960K, used 10242K [0x00000006c3c00000, 0x00000006ca280000, 0x000000076bf00000)
  object space 104960K, 9% used [0x00000006c3c00000,0x00000006c4600918,0x00000006ca280000)
 Metaspace       used 35035K, capacity 35222K, committed 35496K, reserved 1079296K
  class space    used 4717K, capacity 4783K, committed 4864K, reserved 1048576K
}
Event: 5.482 GC heap before
{Heap before GC invocations=10 (full 2):
 PSYoungGen      total 176128K, used 4987K [0x000000076bf00000, 0x0000000778480000, 0x00000007c0000000)
  eden space 166912K, 0% used [0x000000076bf00000,0x000000076bf00000,0x0000000776200000)
  from space 9216K, 54% used [0x0000000776b00000,0x0000000776fdef48,0x0000000777400000)
  to   space 9216K, 0% used [0x0000000776200000,0x0000000776200000,0x0000000776b00000)
 ParOldGen       total 104960K, used 10242K [0x00000006c3c00000, 0x00000006ca280000, 0x000000076bf00000)
  object space 104960K, 9% used [0x00000006c3c00000,0x00000006c4600918,0x00000006ca280000)
 Metaspace       used 35035K, capacity 35222K, committed 35496K, reserved 1079296K
  class space    used 4717K, capacity 4783K, committed 4864K, reserved 1048576K
Event: 5.503 GC heap after
Heap after GC invocations=10 (full 2):
 PSYoungGen      total 176128K, used 0K [0x000000076bf00000, 0x0000000778480000, 0x00000007c0000000)
  eden space 166912K, 0% used [0x000000076bf00000,0x000000076bf00000,0x0000000776200000)
  from space 9216K, 0% used [0x0000000776b00000,0x0000000776b00000,0x0000000777400000)
  to   space 9216K, 0% used [0x0000000776200000,0x0000000776200000,0x0000000776b00000)
 ParOldGen       total 132608K, used 12147K [0x00000006c3c00000, 0x00000006cbd80000, 0x000000076bf00000)
  object space 132608K, 9% used [0x00000006c3c00000,0x00000006c47dceb8,0x00000006cbd80000)
 Metaspace       used 35035K, capacity 35222K, committed 35496K, reserved 1079296K
  class space    used 4717K, capacity 4783K, committed 4864K, reserved 1048576K
}

